2026-03-20T12:52:05.417+05:30  INFO 19354 --- [spring-boot-template] [main] com.in.SpringBootTemplateApplication     : Starting SpringBootTemplateApplication using Java 17.0.10 with PID 19354 (/home/prudhvi/dev/spring-apps/spring-boot-template/target/classes started by prudhvi in /home/prudhvi/dev/spring-apps/spring-boot-template)
2026-03-20T12:52:05.422+05:30  INFO 19354 --- [spring-boot-template] [main] com.in.SpringBootTemplateApplication     : The following 1 profile is active: "test"
2026-03-20T12:52:06.870+05:30  INFO 19354 --- [spring-boot-template] [main] .s.d.r.c.RepositoryConfigurationDelegate : Bootstrapping Spring Data JPA repositories in DEFAULT mode.
2026-03-20T12:52:06.920+05:30  INFO 19354 --- [spring-boot-template] [main] .s.d.r.c.RepositoryConfigurationDelegate : Finished Spring Data repository scanning in 28 ms. Found 0 JPA repository interfaces.
2026-03-20T12:52:07.974+05:30  INFO 19354 --- [spring-boot-template] [main] o.s.b.w.embedded.tomcat.TomcatWebServer  : Tomcat initialized with port 9999 (http)
2026-03-20T12:52:08.004+05:30  INFO 19354 --- [spring-boot-template] [main] o.apache.catalina.core.StandardService   : Starting service [Tomcat]
2026-03-20T12:52:08.005+05:30  INFO 19354 --- [spring-boot-template] [main] o.apache.catalina.core.StandardEngine    : Starting Servlet engine: [Apache Tomcat/10.1.52]
2026-03-20T12:52:08.107+05:30  INFO 19354 --- [spring-boot-template] [main] o.a.c.c.C.[Tomcat].[localhost].[/]       : Initializing Spring embedded WebApplicationContext
2026-03-20T12:52:08.108+05:30  INFO 19354 --- [spring-boot-template] [main] w.s.c.ServletWebServerApplicationContext : Root WebApplicationContext: initialization completed in 2594 ms
2026-03-20T12:52:08.474+05:30  INFO 19354 --- [spring-boot-template] [main] o.hibernate.jpa.internal.util.LogHelper  : HHH000204: Processing PersistenceUnitInfo [name: default]
2026-03-20T12:52:08.594+05:30  INFO 19354 --- [spring-boot-template] [main] org.hibernate.Version                    : HHH000412: Hibernate ORM core version 6.6.44.Final
2026-03-20T12:52:08.668+05:30  INFO 19354 --- [spring-boot-template] [main] o.h.c.internal.RegionFactoryInitiator    : HHH000026: Second-level cache disabled
2026-03-20T12:52:09.242+05:30  INFO 19354 --- [spring-boot-template] [main] o.s.o.j.p.SpringPersistenceUnitInfo      : No LoadTimeWeaver setup: ignoring JPA class transformer
2026-03-20T12:52:09.303+05:30  INFO 19354 --- [spring-boot-template] [main] com.zaxxer.hikari.HikariDataSource       : HikariPool-1 - Starting...
2026-03-20T12:52:09.715+05:30  INFO 19354 --- [spring-boot-template] [main] com.zaxxer.hikari.pool.HikariPool        : HikariPool-1 - Added connection conn0: url=jdbc:h2:mem:testdb user=SA
2026-03-20T12:52:09.720+05:30  INFO 19354 --- [spring-boot-template] [main] com.zaxxer.hikari.HikariDataSource       : HikariPool-1 - Start completed.
2026-03-20T12:52:09.778+05:30  WARN 19354 --- [spring-boot-template] [main] org.hibernate.orm.deprecation            : HHH90000025: H2Dialect does not need to be specified explicitly using 'hibernate.dialect' (remove the property setting and it will be selected by default)
2026-03-20T12:52:09.834+05:30  INFO 19354 --- [spring-boot-template] [main] org.hibernate.orm.connections.pooling    : HHH10001005: Database info:
	Database JDBC URL [Connecting through datasource 'HikariDataSource (HikariPool-1)']
	Database driver: undefined/unknown
	Database version: 2.3.232
	Autocommit mode: undefined/unknown
	Isolation level: undefined/unknown
	Minimum pool size: undefined/unknown
	Maximum pool size: undefined/unknown
2026-03-20T12:52:10.469+05:30  INFO 19354 --- [spring-boot-template] [main] o.h.e.t.j.p.i.JtaPlatformInitiator       : HHH000489: No JTA platform available (set 'hibernate.transaction.jta.platform' to enable JTA platform integration)
2026-03-20T12:52:10.480+05:30  INFO 19354 --- [spring-boot-template] [main] j.LocalContainerEntityManagerFactoryBean : Initialized JPA EntityManagerFactory for persistence unit 'default'
2026-03-20T12:52:10.595+05:30  WARN 19354 --- [spring-boot-template] [main] JpaBaseConfiguration$JpaWebConfiguration : spring.jpa.open-in-view is enabled by default. Therefore, database queries may be performed during view rendering. Explicitly configure spring.jpa.open-in-view to disable this warning
2026-03-20T12:52:11.004+05:30  WARN 19354 --- [spring-boot-template] [main] .s.s.UserDetailsServiceAutoConfiguration : 

Using generated security password: 8a1419c4-e1a0-4bcf-bc58-b27e0fd47255

This generated password is for development use only. Your security configuration must be updated before running your application in production.

2026-03-20T12:52:11.022+05:30  INFO 19354 --- [spring-boot-template] [main] r$InitializeUserDetailsManagerConfigurer : Global AuthenticationManager configured with UserDetailsService bean with name inMemoryUserDetailsManager
2026-03-20T12:52:11.533+05:30  INFO 19354 --- [spring-boot-template] [main] o.s.b.a.h2.H2ConsoleAutoConfiguration    : H2 console available at '/h2-console'. Database available at 'jdbc:h2:mem:testdb'
2026-03-20T12:52:11.704+05:30  INFO 19354 --- [spring-boot-template] [main] o.s.b.w.embedded.tomcat.TomcatWebServer  : Tomcat started on port 9999 (http) with context path '/'
2026-03-20T12:52:11.729+05:30  INFO 19354 --- [spring-boot-template] [main] com.in.SpringBootTemplateApplication     : Started SpringBootTemplateApplication in 7.408 seconds (process running for 8.036)
2026-03-20T12:52:39.276+05:30  INFO 19354 --- [spring-boot-template] [http-nio-9999-exec-1] o.a.c.c.C.[Tomcat].[localhost].[/]       : Initializing Spring DispatcherServlet 'dispatcherServlet'
2026-03-20T12:52:39.277+05:30  INFO 19354 --- [spring-boot-template] [http-nio-9999-exec-1] o.s.web.servlet.DispatcherServlet        : Initializing Servlet 'dispatcherServlet'
2026-03-20T12:52:39.281+05:30  INFO 19354 --- [spring-boot-template] [http-nio-9999-exec-1] o.s.web.servlet.DispatcherServlet        : Completed initialization in 3 ms
2026-03-20T12:53:48.714+05:30  INFO 19354 --- [spring-boot-template] [SpringApplicationShutdownHook] o.s.b.w.e.tomcat.GracefulShutdown        : Commencing graceful shutdown. Waiting for active requests to complete
2026-03-20T12:53:48.726+05:30  INFO 19354 --- [spring-boot-template] [tomcat-shutdown] o.s.b.w.e.tomcat.GracefulShutdown        : Graceful shutdown complete
2026-03-20T12:53:48.736+05:30  INFO 19354 --- [spring-boot-template] [SpringApplicationShutdownHook] j.LocalContainerEntityManagerFactoryBean : Closing JPA EntityManagerFactory for persistence unit 'default'
2026-03-20T12:53:48.741+05:30  INFO 19354 --- [spring-boot-template] [SpringApplicationShutdownHook] com.zaxxer.hikari.HikariDataSource       : HikariPool-1 - Shutdown initiated...
2026-03-20T12:53:48.746+05:30  INFO 19354 --- [spring-boot-template] [SpringApplicationShutdownHook] com.zaxxer.hikari.HikariDataSource       : HikariPool-1 - Shutdown completed.
